<?xml version="1.0" encoding="UTF-8"?>
<beans xmlns="http://www.springframework.org/schema/beans"
       xmlns:xsi="http://www.w3.org/2001/XMLSchema-instance"
       xsi:schemaLocation="http://www.springframework.org/schema/beans
        http://www.springframework.org/schema/beans/spring-beans.xsd">

    <!--<import resource="file:F:/Awork/project/digi-ilearning-platform/ilearning-api/src/main/webapp/WEB-INF/ilearning-api-servlet.xml"/>-->
    <!--<import resource="file:ilearning-api/src/main/webapp/WEB-INF/ilearning-api-servlet.xml"/>-->
    <!--<import resource="classpath:test-service.xml"/>-->
    <import resource="file:src/main/webapp/WEB-INF/dashboard-servlet.xml"/>
    <import resource="classpath:conf/resources.xml"/>
    <import resource="classpath:conf/service.xml"/>
    <import resource="classpath:conf/security.xml"/>
</beans>